[14:47:44] ERROR    Bağlantı kesildi
[14:47:44] ERROR    Bağlantı kesildi
[14:47:46] ERROR    Bağlantı kesildi
[14:47:46] ERROR    Bağlantı kesildi
[14:47:47] ERROR    Bağlantı kesildi
[14:47:47] ERROR    Bağlantı kesildi
[14:47:47] ERROR    Bağlantı kesildi
[14:47:47] ERROR    Bağlantı kesildi
[14:47:52] INFO     Lazer AKTİF
[14:47:53] INFO     Hedef kilitlendi
[14:47:55] INFO     Kilit açıldı
[14:47:56] INFO     Hedef kilitlendi
[14:47:57] INFO     Kilit açıldı
[14:47:58] INFO     Lazer PASİF
[14:48:00] INFO     Hedef kilitlendi
[14:48:01] DEBUG    Panel sıfırlandı
[14:48:02] INFO     Mod değişti → MANUEL PASİF
[14:48:02] INFO     Mod değişti → MANUEL AKTİF
[14:48:08] INFO     Mod değişti → OTONOM AKTİF
[14:48:08] INFO     Mod değişti → OTONOM AKTİF
[14:48:08] INFO     Mod değişti → OTONOM AKTİF
[14:48:11] ERROR    ACİL STOP TETİKLENDİ!
[14:48:11] ERROR    ACİL STOP TETİKLENDİ!
[14:48:12] ERROR    ACİL STOP TETİKLENDİ!
[14:48:12] ERROR    ACİL STOP TETİKLENDİ!
